Arguments: 
  C:\Program Files\nodejs\node.exe C:\Users\morte\AppData\Roaming\npm\node_modules\yarn\bin\yarn.js add next react react-dom

PATH: 
  C:\Python38\Scripts\;C:\Python38\;C:\windows\system32;C:\windows;C:\windows\System32\Wbem;C:\windows\System32\WindowsPowerShell\v1.0\;C:\windows\System32\OpenSSH\;C:\Program Files\Git\cmd;C:\ProgramData\chocolatey\bin;C:\Users\Morten Biermann\AppData\Roaming\npm;C:\Program Files\nodejs\;C:\Users\morte\AppData\Local\Microsoft\WindowsApps;;C:\Users\morte\AppData\Local\Programs\Microsoft VS Code\bin;C:\Users\morte\AppData\Roaming\npm

Yarn version: 
  1.22.10

Node version: 
  14.15.0

Platform: 
  win32 x64

Trace: 
  SyntaxError: C:\Users\morte\Projects\laddny\package.json: Unexpected end of JSON input
      at JSON.parse (<anonymous>)
      at C:\Users\morte\AppData\Roaming\npm\node_modules\yarn\lib\cli.js:1625:59
      at Generator.next (<anonymous>)
      at step (C:\Users\morte\AppData\Roaming\npm\node_modules\yarn\lib\cli.js:310:30)
      at C:\Users\morte\AppData\Roaming\npm\node_modules\yarn\lib\cli.js:321:13

npm manifest: 
  

yarn manifest: 
  No manifest

Lockfile: 
  No lockfile
